c:\cplusplus\googlerpcv2\imageprocessorserver\imagepro.0ee9ddf6\x64\release\vc143.pdb
c:\cplusplus\googlerpcv2\imageprocessorserver\imagepro.0ee9ddf6\x64\release\imageprocessorserver.obj
c:\cplusplus\googlerpcv2\imageprocessorserver\x64\release\libcrypto-3-x64.dll
c:\cplusplus\googlerpcv2\imageprocessorserver\x64\release\libprotobuf-lite.dll
c:\cplusplus\googlerpcv2\imageprocessorserver\x64\release\abseil_dll.dll
c:\cplusplus\googlerpcv2\imageprocessorserver\x64\release\libssl-3-x64.dll
c:\cplusplus\googlerpcv2\imageprocessorserver\x64\release\re2.dll
c:\cplusplus\googlerpcv2\imageprocessorserver\x64\release\zlib1.dll
c:\cplusplus\googlerpcv2\imageprocessorserver\x64\release\cares.dll
c:\cplusplus\googlerpcv2\imageprocessorserver\x64\release\libprotobuf.dll
c:\cplusplus\googlerpcv2\imageprocessorserver\x64\release\imageprocessorserver.exe
c:\cplusplus\googlerpcv2\imageprocessorserver\x64\release\imageprocessorserver.pdb
c:\cplusplus\googlerpcv2\imageprocessorserver\imagepro.0ee9ddf6\x64\release\imageprocessorserver.ipdb
c:\cplusplus\googlerpcv2\imageprocessorserver\imagepro.0ee9ddf6\x64\release\imageprocessorserver.iobj
c:\cplusplus\googlerpcv2\imageprocessorserver\imagepro.0ee9ddf6\x64\release\imagepro.0ee9ddf6.tlog\cl.command.1.tlog
c:\cplusplus\googlerpcv2\imageprocessorserver\imagepro.0ee9ddf6\x64\release\imagepro.0ee9ddf6.tlog\cl.items.tlog
c:\cplusplus\googlerpcv2\imageprocessorserver\imagepro.0ee9ddf6\x64\release\imagepro.0ee9ddf6.tlog\cl.read.1.tlog
c:\cplusplus\googlerpcv2\imageprocessorserver\imagepro.0ee9ddf6\x64\release\imagepro.0ee9ddf6.tlog\cl.write.1.tlog
c:\cplusplus\googlerpcv2\imageprocessorserver\imagepro.0ee9ddf6\x64\release\imagepro.0ee9ddf6.tlog\imageprocessorserver.write.1u.tlog
c:\cplusplus\googlerpcv2\imageprocessorserver\imagepro.0ee9ddf6\x64\release\imagepro.0ee9ddf6.tlog\link.command.1.tlog
c:\cplusplus\googlerpcv2\imageprocessorserver\imagepro.0ee9ddf6\x64\release\imagepro.0ee9ddf6.tlog\link.read.1.tlog
c:\cplusplus\googlerpcv2\imageprocessorserver\imagepro.0ee9ddf6\x64\release\imagepro.0ee9ddf6.tlog\link.secondary.1.tlog
c:\cplusplus\googlerpcv2\imageprocessorserver\imagepro.0ee9ddf6\x64\release\imagepro.0ee9ddf6.tlog\link.write.1.tlog
